versions pytest-5.4.1, py-1.8.1, python-3.7.3.final.0
cwd=/Users/neeran/Code/loadbalancer-series/python-loadbalancer/part4
args=('test_utils.py', '--debug')

  pytest_cmdline_main [hook]
      config: <_pytest.config.Config object at 0x10b656588>
    pytest_plugin_registered [hook]
        plugin: <Session part4 exitstatus=None testsfailed=0 testscollected=0>
        manager: <_pytest.config.PytestPluginManager object at 0x10ab40550>
    finish pytest_plugin_registered --> [] [hook]
    pytest_configure [hook]
        config: <_pytest.config.Config object at 0x10b656588>
      pytest_plugin_registered [hook]
          plugin: <_pytest.cacheprovider.LFPlugin object at 0x10b7c69e8>
          manager: <_pytest.config.PytestPluginManager object at 0x10ab40550>
      finish pytest_plugin_registered --> [] [hook]
      pytest_plugin_registered [hook]
          plugin: <_pytest.cacheprovider.NFPlugin object at 0x10babeb38>
          manager: <_pytest.config.PytestPluginManager object at 0x10ab40550>
      finish pytest_plugin_registered --> [] [hook]
    early skip of rewriting module: faulthandler [assertion]
      pytest_configure [hook]
          config: <_pytest.config.Config object at 0x10b656588>
      finish pytest_configure --> [] [hook]
      pytest_plugin_registered [hook]
          plugin: <_pytest.faulthandler.FaultHandlerHooks object at 0x10b7d1eb8>
          manager: <_pytest.config.PytestPluginManager object at 0x10ab40550>
      finish pytest_plugin_registered --> [] [hook]
      pytest_plugin_registered [hook]
          plugin: <_pytest.stepwise.StepwisePlugin object at 0x10b7d1c50>
          manager: <_pytest.config.PytestPluginManager object at 0x10ab40550>
      finish pytest_plugin_registered --> [] [hook]
    early skip of rewriting module: pdb [assertion]
    early skip of rewriting module: cmd [assertion]
    early skip of rewriting module: code [assertion]
    early skip of rewriting module: codeop [assertion]
      pytest_plugin_registered [hook]
          plugin: <_pytest.config.PytestPluginManager object at 0x10ab40550>
          manager: <_pytest.config.PytestPluginManager object at 0x10ab40550>
      finish pytest_plugin_registered --> [] [hook]
      pytest_plugin_registered [hook]
          plugin: <_pytest.config.Config object at 0x10b656588>
          manager: <_pytest.config.PytestPluginManager object at 0x10ab40550>
      finish pytest_plugin_registered --> [] [hook]
      pytest_plugin_registered [hook]
          plugin: <module '_pytest.mark' from '/usr/local/lib/python3.7/site-packages/_pytest/mark/__init__.py'>
          manager: <_pytest.config.PytestPluginManager object at 0x10ab40550>
      finish pytest_plugin_registered --> [] [hook]
      pytest_plugin_registered [hook]
          plugin: <module '_pytest.main' from '/usr/local/lib/python3.7/site-packages/_pytest/main.py'>
          manager: <_pytest.config.PytestPluginManager object at 0x10ab40550>
      finish pytest_plugin_registered --> [] [hook]
      pytest_plugin_registered [hook]
          plugin: <module '_pytest.runner' from '/usr/local/lib/python3.7/site-packages/_pytest/runner.py'>
          manager: <_pytest.config.PytestPluginManager object at 0x10ab40550>
      finish pytest_plugin_registered --> [] [hook]
      pytest_plugin_registered [hook]
          plugin: <module '_pytest.fixtures' from '/usr/local/lib/python3.7/site-packages/_pytest/fixtures.py'>
          manager: <_pytest.config.PytestPluginManager object at 0x10ab40550>
      finish pytest_plugin_registered --> [] [hook]
      pytest_plugin_registered [hook]
          plugin: <module '_pytest.helpconfig' from '/usr/local/lib/python3.7/site-packages/_pytest/helpconfig.py'>
          manager: <_pytest.config.PytestPluginManager object at 0x10ab40550>
      finish pytest_plugin_registered --> [] [hook]
      pytest_plugin_registered [hook]
          plugin: <module '_pytest.python' from '/usr/local/lib/python3.7/site-packages/_pytest/python.py'>
          manager: <_pytest.config.PytestPluginManager object at 0x10ab40550>
      finish pytest_plugin_registered --> [] [hook]
      pytest_plugin_registered [hook]
          plugin: <module '_pytest.terminal' from '/usr/local/lib/python3.7/site-packages/_pytest/terminal.py'>
          manager: <_pytest.config.PytestPluginManager object at 0x10ab40550>
      finish pytest_plugin_registered --> [] [hook]
      pytest_plugin_registered [hook]
          plugin: <module '_pytest.debugging' from '/usr/local/lib/python3.7/site-packages/_pytest/debugging.py'>
          manager: <_pytest.config.PytestPluginManager object at 0x10ab40550>
      finish pytest_plugin_registered --> [] [hook]
      pytest_plugin_registered [hook]
          plugin: <module '_pytest.unittest' from '/usr/local/lib/python3.7/site-packages/_pytest/unittest.py'>
          manager: <_pytest.config.PytestPluginManager object at 0x10ab40550>
      finish pytest_plugin_registered --> [] [hook]
      pytest_plugin_registered [hook]
          plugin: <module '_pytest.capture' from '/usr/local/lib/python3.7/site-packages/_pytest/capture.py'>
          manager: <_pytest.config.PytestPluginManager object at 0x10ab40550>
      finish pytest_plugin_registered --> [] [hook]
      pytest_plugin_registered [hook]
          plugin: <module '_pytest.skipping' from '/usr/local/lib/python3.7/site-packages/_pytest/skipping.py'>
          manager: <_pytest.config.PytestPluginManager object at 0x10ab40550>
      finish pytest_plugin_registered --> [] [hook]
      pytest_plugin_registered [hook]
          plugin: <module '_pytest.tmpdir' from '/usr/local/lib/python3.7/site-packages/_pytest/tmpdir.py'>
          manager: <_pytest.config.PytestPluginManager object at 0x10ab40550>
      finish pytest_plugin_registered --> [] [hook]
      pytest_plugin_registered [hook]
          plugin: <module '_pytest.monkeypatch' from '/usr/local/lib/python3.7/site-packages/_pytest/monkeypatch.py'>
          manager: <_pytest.config.PytestPluginManager object at 0x10ab40550>
      finish pytest_plugin_registered --> [] [hook]
      pytest_plugin_registered [hook]
          plugin: <module '_pytest.recwarn' from '/usr/local/lib/python3.7/site-packages/_pytest/recwarn.py'>
          manager: <_pytest.config.PytestPluginManager object at 0x10ab40550>
      finish pytest_plugin_registered --> [] [hook]
      pytest_plugin_registered [hook]
          plugin: <module '_pytest.pastebin' from '/usr/local/lib/python3.7/site-packages/_pytest/pastebin.py'>
          manager: <_pytest.config.PytestPluginManager object at 0x10ab40550>
      finish pytest_plugin_registered --> [] [hook]
      pytest_plugin_registered [hook]
          plugin: <module '_pytest.nose' from '/usr/local/lib/python3.7/site-packages/_pytest/nose.py'>
          manager: <_pytest.config.PytestPluginManager object at 0x10ab40550>
      finish pytest_plugin_registered --> [] [hook]
      pytest_plugin_registered [hook]
          plugin: <module '_pytest.assertion' from '/usr/local/lib/python3.7/site-packages/_pytest/assertion/__init__.py'>
          manager: <_pytest.config.PytestPluginManager object at 0x10ab40550>
      finish pytest_plugin_registered --> [] [hook]
      pytest_plugin_registered [hook]
          plugin: <module '_pytest.junitxml' from '/usr/local/lib/python3.7/site-packages/_pytest/junitxml.py'>
          manager: <_pytest.config.PytestPluginManager object at 0x10ab40550>
      finish pytest_plugin_registered --> [] [hook]
      pytest_plugin_registered [hook]
          plugin: <module '_pytest.resultlog' from '/usr/local/lib/python3.7/site-packages/_pytest/resultlog.py'>
          manager: <_pytest.config.PytestPluginManager object at 0x10ab40550>
      finish pytest_plugin_registered --> [] [hook]
      pytest_plugin_registered [hook]
          plugin: <module '_pytest.doctest' from '/usr/local/lib/python3.7/site-packages/_pytest/doctest.py'>
          manager: <_pytest.config.PytestPluginManager object at 0x10ab40550>
      finish pytest_plugin_registered --> [] [hook]
      pytest_plugin_registered [hook]
          plugin: <module '_pytest.cacheprovider' from '/usr/local/lib/python3.7/site-packages/_pytest/cacheprovider.py'>
          manager: <_pytest.config.PytestPluginManager object at 0x10ab40550>
      finish pytest_plugin_registered --> [] [hook]
      pytest_plugin_registered [hook]
          plugin: <module '_pytest.freeze_support' from '/usr/local/lib/python3.7/site-packages/_pytest/freeze_support.py'>
          manager: <_pytest.config.PytestPluginManager object at 0x10ab40550>
      finish pytest_plugin_registered --> [] [hook]
      pytest_plugin_registered [hook]
          plugin: <module '_pytest.setuponly' from '/usr/local/lib/python3.7/site-packages/_pytest/setuponly.py'>
          manager: <_pytest.config.PytestPluginManager object at 0x10ab40550>
      finish pytest_plugin_registered --> [] [hook]
      pytest_plugin_registered [hook]
          plugin: <module '_pytest.setupplan' from '/usr/local/lib/python3.7/site-packages/_pytest/setupplan.py'>
          manager: <_pytest.config.PytestPluginManager object at 0x10ab40550>
      finish pytest_plugin_registered --> [] [hook]
      pytest_plugin_registered [hook]
          plugin: <module '_pytest.stepwise' from '/usr/local/lib/python3.7/site-packages/_pytest/stepwise.py'>
          manager: <_pytest.config.PytestPluginManager object at 0x10ab40550>
      finish pytest_plugin_registered --> [] [hook]
      pytest_plugin_registered [hook]
          plugin: <module '_pytest.warnings' from '/usr/local/lib/python3.7/site-packages/_pytest/warnings.py'>
          manager: <_pytest.config.PytestPluginManager object at 0x10ab40550>
      finish pytest_plugin_registered --> [] [hook]
      pytest_plugin_registered [hook]
          plugin: <module '_pytest.logging' from '/usr/local/lib/python3.7/site-packages/_pytest/logging.py'>
          manager: <_pytest.config.PytestPluginManager object at 0x10ab40550>
      finish pytest_plugin_registered --> [] [hook]
      pytest_plugin_registered [hook]
          plugin: <module '_pytest.reports' from '/usr/local/lib/python3.7/site-packages/_pytest/reports.py'>
          manager: <_pytest.config.PytestPluginManager object at 0x10ab40550>
      finish pytest_plugin_registered --> [] [hook]
      pytest_plugin_registered [hook]
          plugin: <module '_pytest.faulthandler' from '/usr/local/lib/python3.7/site-packages/_pytest/faulthandler.py'>
          manager: <_pytest.config.PytestPluginManager object at 0x10ab40550>
      finish pytest_plugin_registered --> [] [hook]
      pytest_plugin_registered [hook]
          plugin: <module 'requests_mock.contrib._pytest_plugin' from '/usr/local/lib/python3.7/site-packages/requests_mock/contrib/_pytest_plugin.py'>
          manager: <_pytest.config.PytestPluginManager object at 0x10ab40550>
      finish pytest_plugin_registered --> [] [hook]
      pytest_plugin_registered [hook]
          plugin: <CaptureManager _method='fd' _global_capturing=<MultiCapture out=<FDCapture 1 oldfd=5 _state='suspended' tmpfile=<_pytest.capture.EncodedFile object at 0x10baccf28>> err=<FDCapture 2 oldfd=6 _state='suspended' tmpfile=<_pytest.capture.EncodedFile object at 0x10baccba8>> in_=<FDCapture 0 oldfd=3 _state='started' tmpfile=<_io.TextIOWrapper name='/dev/null' mode='r' encoding='UTF-8'>> _state='suspended' _in_suspended=False> _capture_fixture=None>
          manager: <_pytest.config.PytestPluginManager object at 0x10ab40550>
      finish pytest_plugin_registered --> [] [hook]
      pytest_plugin_registered [hook]
          plugin: <Session part4 exitstatus=<ExitCode.OK: 0> testsfailed=0 testscollected=0>
          manager: <_pytest.config.PytestPluginManager object at 0x10ab40550>
      finish pytest_plugin_registered --> [] [hook]
      pytest_plugin_registered [hook]
          plugin: <_pytest.cacheprovider.LFPlugin object at 0x10b7c69e8>
          manager: <_pytest.config.PytestPluginManager object at 0x10ab40550>
      finish pytest_plugin_registered --> [] [hook]
      pytest_plugin_registered [hook]
          plugin: <_pytest.cacheprovider.NFPlugin object at 0x10babeb38>
          manager: <_pytest.config.PytestPluginManager object at 0x10ab40550>
      finish pytest_plugin_registered --> [] [hook]
      pytest_plugin_registered [hook]
          plugin: <_pytest.faulthandler.FaultHandlerHooks object at 0x10b7d1eb8>
          manager: <_pytest.config.PytestPluginManager object at 0x10ab40550>
      finish pytest_plugin_registered --> [] [hook]
      pytest_plugin_registered [hook]
          plugin: <_pytest.stepwise.StepwisePlugin object at 0x10b7d1c50>
          manager: <_pytest.config.PytestPluginManager object at 0x10ab40550>
      finish pytest_plugin_registered --> [] [hook]
      pytest_plugin_registered [hook]
          plugin: <_pytest.terminal.TerminalReporter object at 0x10b7d1d68>
          manager: <_pytest.config.PytestPluginManager object at 0x10ab40550>
      finish pytest_plugin_registered --> [] [hook]
      pytest_plugin_registered [hook]
          plugin: <_pytest.logging.LoggingPlugin object at 0x10bb2e358>
          manager: <_pytest.config.PytestPluginManager object at 0x10ab40550>
      finish pytest_plugin_registered --> [] [hook]
    finish pytest_configure --> [] [hook]
    pytest_sessionstart [hook]
        session: <Session part4 exitstatus=<ExitCode.OK: 0> testsfailed=0 testscollected=0>
      pytest_plugin_registered [hook]
          plugin: <_pytest.config.PytestPluginManager object at 0x10ab40550>
          manager: <_pytest.config.PytestPluginManager object at 0x10ab40550>
      finish pytest_plugin_registered --> [] [hook]
      pytest_plugin_registered [hook]
          plugin: <_pytest.config.Config object at 0x10b656588>
          manager: <_pytest.config.PytestPluginManager object at 0x10ab40550>
      finish pytest_plugin_registered --> [] [hook]
      pytest_plugin_registered [hook]
          plugin: <module '_pytest.mark' from '/usr/local/lib/python3.7/site-packages/_pytest/mark/__init__.py'>
          manager: <_pytest.config.PytestPluginManager object at 0x10ab40550>
      finish pytest_plugin_registered --> [] [hook]
      pytest_plugin_registered [hook]
          plugin: <module '_pytest.main' from '/usr/local/lib/python3.7/site-packages/_pytest/main.py'>
          manager: <_pytest.config.PytestPluginManager object at 0x10ab40550>
      finish pytest_plugin_registered --> [] [hook]
      pytest_plugin_registered [hook]
          plugin: <module '_pytest.runner' from '/usr/local/lib/python3.7/site-packages/_pytest/runner.py'>
          manager: <_pytest.config.PytestPluginManager object at 0x10ab40550>
      finish pytest_plugin_registered --> [] [hook]
      pytest_plugin_registered [hook]
          plugin: <module '_pytest.fixtures' from '/usr/local/lib/python3.7/site-packages/_pytest/fixtures.py'>
          manager: <_pytest.config.PytestPluginManager object at 0x10ab40550>
      finish pytest_plugin_registered --> [] [hook]
      pytest_plugin_registered [hook]
          plugin: <module '_pytest.helpconfig' from '/usr/local/lib/python3.7/site-packages/_pytest/helpconfig.py'>
          manager: <_pytest.config.PytestPluginManager object at 0x10ab40550>
      finish pytest_plugin_registered --> [] [hook]
      pytest_plugin_registered [hook]
          plugin: <module '_pytest.python' from '/usr/local/lib/python3.7/site-packages/_pytest/python.py'>
          manager: <_pytest.config.PytestPluginManager object at 0x10ab40550>
      finish pytest_plugin_registered --> [] [hook]
      pytest_plugin_registered [hook]
          plugin: <module '_pytest.terminal' from '/usr/local/lib/python3.7/site-packages/_pytest/terminal.py'>
          manager: <_pytest.config.PytestPluginManager object at 0x10ab40550>
      finish pytest_plugin_registered --> [] [hook]
      pytest_plugin_registered [hook]
          plugin: <module '_pytest.debugging' from '/usr/local/lib/python3.7/site-packages/_pytest/debugging.py'>
          manager: <_pytest.config.PytestPluginManager object at 0x10ab40550>
      finish pytest_plugin_registered --> [] [hook]
      pytest_plugin_registered [hook]
          plugin: <module '_pytest.unittest' from '/usr/local/lib/python3.7/site-packages/_pytest/unittest.py'>
          manager: <_pytest.config.PytestPluginManager object at 0x10ab40550>
      finish pytest_plugin_registered --> [] [hook]
      pytest_plugin_registered [hook]
          plugin: <module '_pytest.capture' from '/usr/local/lib/python3.7/site-packages/_pytest/capture.py'>
          manager: <_pytest.config.PytestPluginManager object at 0x10ab40550>
      finish pytest_plugin_registered --> [] [hook]
      pytest_plugin_registered [hook]
          plugin: <module '_pytest.skipping' from '/usr/local/lib/python3.7/site-packages/_pytest/skipping.py'>
          manager: <_pytest.config.PytestPluginManager object at 0x10ab40550>
      finish pytest_plugin_registered --> [] [hook]
      pytest_plugin_registered [hook]
          plugin: <module '_pytest.tmpdir' from '/usr/local/lib/python3.7/site-packages/_pytest/tmpdir.py'>
          manager: <_pytest.config.PytestPluginManager object at 0x10ab40550>
      finish pytest_plugin_registered --> [] [hook]
      pytest_plugin_registered [hook]
          plugin: <module '_pytest.monkeypatch' from '/usr/local/lib/python3.7/site-packages/_pytest/monkeypatch.py'>
          manager: <_pytest.config.PytestPluginManager object at 0x10ab40550>
      finish pytest_plugin_registered --> [] [hook]
      pytest_plugin_registered [hook]
          plugin: <module '_pytest.recwarn' from '/usr/local/lib/python3.7/site-packages/_pytest/recwarn.py'>
          manager: <_pytest.config.PytestPluginManager object at 0x10ab40550>
      finish pytest_plugin_registered --> [] [hook]
      pytest_plugin_registered [hook]
          plugin: <module '_pytest.pastebin' from '/usr/local/lib/python3.7/site-packages/_pytest/pastebin.py'>
          manager: <_pytest.config.PytestPluginManager object at 0x10ab40550>
      finish pytest_plugin_registered --> [] [hook]
      pytest_plugin_registered [hook]
          plugin: <module '_pytest.nose' from '/usr/local/lib/python3.7/site-packages/_pytest/nose.py'>
          manager: <_pytest.config.PytestPluginManager object at 0x10ab40550>
      finish pytest_plugin_registered --> [] [hook]
      pytest_plugin_registered [hook]
          plugin: <module '_pytest.assertion' from '/usr/local/lib/python3.7/site-packages/_pytest/assertion/__init__.py'>
          manager: <_pytest.config.PytestPluginManager object at 0x10ab40550>
      finish pytest_plugin_registered --> [] [hook]
      pytest_plugin_registered [hook]
          plugin: <module '_pytest.junitxml' from '/usr/local/lib/python3.7/site-packages/_pytest/junitxml.py'>
          manager: <_pytest.config.PytestPluginManager object at 0x10ab40550>
      finish pytest_plugin_registered --> [] [hook]
      pytest_plugin_registered [hook]
          plugin: <module '_pytest.resultlog' from '/usr/local/lib/python3.7/site-packages/_pytest/resultlog.py'>
          manager: <_pytest.config.PytestPluginManager object at 0x10ab40550>
      finish pytest_plugin_registered --> [] [hook]
      pytest_plugin_registered [hook]
          plugin: <module '_pytest.doctest' from '/usr/local/lib/python3.7/site-packages/_pytest/doctest.py'>
          manager: <_pytest.config.PytestPluginManager object at 0x10ab40550>
      finish pytest_plugin_registered --> [] [hook]
      pytest_plugin_registered [hook]
          plugin: <module '_pytest.cacheprovider' from '/usr/local/lib/python3.7/site-packages/_pytest/cacheprovider.py'>
          manager: <_pytest.config.PytestPluginManager object at 0x10ab40550>
      finish pytest_plugin_registered --> [] [hook]
      pytest_plugin_registered [hook]
          plugin: <module '_pytest.freeze_support' from '/usr/local/lib/python3.7/site-packages/_pytest/freeze_support.py'>
          manager: <_pytest.config.PytestPluginManager object at 0x10ab40550>
      finish pytest_plugin_registered --> [] [hook]
      pytest_plugin_registered [hook]
          plugin: <module '_pytest.setuponly' from '/usr/local/lib/python3.7/site-packages/_pytest/setuponly.py'>
          manager: <_pytest.config.PytestPluginManager object at 0x10ab40550>
      finish pytest_plugin_registered --> [] [hook]
      pytest_plugin_registered [hook]
          plugin: <module '_pytest.setupplan' from '/usr/local/lib/python3.7/site-packages/_pytest/setupplan.py'>
          manager: <_pytest.config.PytestPluginManager object at 0x10ab40550>
      finish pytest_plugin_registered --> [] [hook]
      pytest_plugin_registered [hook]
          plugin: <module '_pytest.stepwise' from '/usr/local/lib/python3.7/site-packages/_pytest/stepwise.py'>
          manager: <_pytest.config.PytestPluginManager object at 0x10ab40550>
      finish pytest_plugin_registered --> [] [hook]
      pytest_plugin_registered [hook]
          plugin: <module '_pytest.warnings' from '/usr/local/lib/python3.7/site-packages/_pytest/warnings.py'>
          manager: <_pytest.config.PytestPluginManager object at 0x10ab40550>
      finish pytest_plugin_registered --> [] [hook]
      pytest_plugin_registered [hook]
          plugin: <module '_pytest.logging' from '/usr/local/lib/python3.7/site-packages/_pytest/logging.py'>
          manager: <_pytest.config.PytestPluginManager object at 0x10ab40550>
      finish pytest_plugin_registered --> [] [hook]
      pytest_plugin_registered [hook]
          plugin: <module '_pytest.reports' from '/usr/local/lib/python3.7/site-packages/_pytest/reports.py'>
          manager: <_pytest.config.PytestPluginManager object at 0x10ab40550>
      finish pytest_plugin_registered --> [] [hook]
      pytest_plugin_registered [hook]
          plugin: <module '_pytest.faulthandler' from '/usr/local/lib/python3.7/site-packages/_pytest/faulthandler.py'>
          manager: <_pytest.config.PytestPluginManager object at 0x10ab40550>
      finish pytest_plugin_registered --> [] [hook]
      pytest_plugin_registered [hook]
          plugin: <module 'requests_mock.contrib._pytest_plugin' from '/usr/local/lib/python3.7/site-packages/requests_mock/contrib/_pytest_plugin.py'>
          manager: <_pytest.config.PytestPluginManager object at 0x10ab40550>
      finish pytest_plugin_registered --> [] [hook]
      pytest_plugin_registered [hook]
          plugin: <CaptureManager _method='fd' _global_capturing=<MultiCapture out=<FDCapture 1 oldfd=5 _state='suspended' tmpfile=<_pytest.capture.EncodedFile object at 0x10baccf28>> err=<FDCapture 2 oldfd=6 _state='suspended' tmpfile=<_pytest.capture.EncodedFile object at 0x10baccba8>> in_=<FDCapture 0 oldfd=3 _state='started' tmpfile=<_io.TextIOWrapper name='/dev/null' mode='r' encoding='UTF-8'>> _state='suspended' _in_suspended=False> _capture_fixture=None>
          manager: <_pytest.config.PytestPluginManager object at 0x10ab40550>
      finish pytest_plugin_registered --> [] [hook]
      pytest_plugin_registered [hook]
          plugin: <Session part4 exitstatus=<ExitCode.OK: 0> testsfailed=0 testscollected=0>
          manager: <_pytest.config.PytestPluginManager object at 0x10ab40550>
      finish pytest_plugin_registered --> [] [hook]
      pytest_plugin_registered [hook]
          plugin: <_pytest.cacheprovider.LFPlugin object at 0x10b7c69e8>
          manager: <_pytest.config.PytestPluginManager object at 0x10ab40550>
      finish pytest_plugin_registered --> [] [hook]
      pytest_plugin_registered [hook]
          plugin: <_pytest.cacheprovider.NFPlugin object at 0x10babeb38>
          manager: <_pytest.config.PytestPluginManager object at 0x10ab40550>
      finish pytest_plugin_registered --> [] [hook]
      pytest_plugin_registered [hook]
          plugin: <_pytest.faulthandler.FaultHandlerHooks object at 0x10b7d1eb8>
          manager: <_pytest.config.PytestPluginManager object at 0x10ab40550>
      finish pytest_plugin_registered --> [] [hook]
      pytest_plugin_registered [hook]
          plugin: <_pytest.stepwise.StepwisePlugin object at 0x10b7d1c50>
          manager: <_pytest.config.PytestPluginManager object at 0x10ab40550>
      finish pytest_plugin_registered --> [] [hook]
      pytest_plugin_registered [hook]
          plugin: <_pytest.terminal.TerminalReporter object at 0x10b7d1d68>
          manager: <_pytest.config.PytestPluginManager object at 0x10ab40550>
      finish pytest_plugin_registered --> [] [hook]
      pytest_plugin_registered [hook]
          plugin: <_pytest.logging.LoggingPlugin object at 0x10bb2e358>
          manager: <_pytest.config.PytestPluginManager object at 0x10ab40550>
      finish pytest_plugin_registered --> [] [hook]
      pytest_plugin_registered [hook]
          plugin: <_pytest.fixtures.FixtureManager object at 0x10bb2e860>
          manager: <_pytest.config.PytestPluginManager object at 0x10ab40550>
      finish pytest_plugin_registered --> [] [hook]
      pytest_report_header [hook]
          config: <_pytest.config.Config object at 0x10b656588>
          startdir: /Users/neeran/Code/loadbalancer-series/python-loadbalancer/part4
      finish pytest_report_header --> [['rootdir: /Users/neeran/Code/loadbalancer-series/python-loadbalancer/part4', 'plugins: requests-mock-1.7.0'], ['using: pytest-5.4.1 pylib-1.8.1', 'setuptools registered plugins:', '  requests-mock-1.7.0 at /usr/local/lib/python3.7/site-packages/requests_mock/contrib/_pytest_plugin.py']] [hook]
    finish pytest_sessionstart --> [] [hook]
    pytest_collection [hook]
        session: <Session part4 exitstatus=<ExitCode.OK: 0> testsfailed=0 testscollected=0>
    perform_collect <Session part4 exitstatus=<ExitCode.OK: 0> testsfailed=0 testscollected=0> ['test_utils.py'] [collection]
        pytest_collectstart [hook]
            collector: <Session part4 exitstatus=<ExitCode.OK: 0> testsfailed=0 testscollected=0>
        finish pytest_collectstart --> [] [hook]
        pytest_make_collect_report [hook]
            collector: <Session part4 exitstatus=<ExitCode.OK: 0> testsfailed=0 testscollected=0>
        processing argument (local('/Users/neeran/Code/loadbalancer-series/python-loadbalancer/part4/test_utils.py'), []) [collection]
            pytest_collect_file [hook]
                path: /Users/neeran/Code/loadbalancer-series/python-loadbalancer/part4/test_utils.py
                parent: <Session part4 exitstatus=<ExitCode.OK: 0> testsfailed=0 testscollected=0>
              pytest_pycollect_makemodule [hook]
                  path: /Users/neeran/Code/loadbalancer-series/python-loadbalancer/part4/test_utils.py
                  parent: <Session part4 exitstatus=<ExitCode.OK: 0> testsfailed=0 testscollected=0>
              finish pytest_pycollect_makemodule --> <Module test_utils.py> [hook]
            finish pytest_collect_file --> [<Module test_utils.py>] [hook]
          matchnodes [<Module test_utils.py>] [] [collection]
            matchnodes finished ->  1 nodes [collection]
        finish pytest_make_collect_report --> <CollectReport '' lenresult=1 outcome='passed'> [hook]
        pytest_collectreport [hook]
            report: <CollectReport '' lenresult=1 outcome='passed'>
        finish pytest_collectreport --> [] [hook]
    genitems <Module test_utils.py> [collection]
      pytest_collectstart [hook]
          collector: <Module test_utils.py>
      finish pytest_collectstart --> [] [hook]
      pytest_make_collect_report [hook]
          collector: <Module test_utils.py>
      find_module called for: test_utils [assertion]
      matched test file (was specified on cmdline): '/Users/neeran/Code/loadbalancer-series/python-loadbalancer/part4/test_utils.py' [assertion]
      _read_pyc(/Users/neeran/Code/loadbalancer-series/python-loadbalancer/part4/test_utils.py): invalid or out of date pyc [assertion]
      rewriting PosixPath('/Users/neeran/Code/loadbalancer-series/python-loadbalancer/part4/test_utils.py') [assertion]
      early skip of rewriting module: utils [assertion]
      early skip of rewriting module: models [assertion]
      early skip of rewriting module: yaml [assertion]
      early skip of rewriting module: yaml.error [assertion]
      early skip of rewriting module: yaml.tokens [assertion]
      early skip of rewriting module: yaml.events [assertion]
      early skip of rewriting module: yaml.nodes [assertion]
      early skip of rewriting module: yaml.loader [assertion]
      early skip of rewriting module: yaml.reader [assertion]
      early skip of rewriting module: yaml.scanner [assertion]
      early skip of rewriting module: yaml.parser [assertion]
      early skip of rewriting module: yaml.composer [assertion]
      early skip of rewriting module: yaml.constructor [assertion]
      early skip of rewriting module: yaml.resolver [assertion]
      early skip of rewriting module: yaml.dumper [assertion]
      early skip of rewriting module: yaml.emitter [assertion]
      early skip of rewriting module: yaml.serializer [assertion]
      early skip of rewriting module: yaml.representer [assertion]
      early skip of rewriting module: yaml.cyaml [assertion]
      early skip of rewriting module: _yaml [assertion]
        pytest_pycollect_makeitem [hook]
            collector: <Module test_utils.py>
            name: __name__
            obj: test_utils
        finish pytest_pycollect_makeitem --> None [hook]
        pytest_pycollect_makeitem [hook]
            collector: <Module test_utils.py>
            name: __doc__
            obj: None
        finish pytest_pycollect_makeitem --> None [hook]
        pytest_pycollect_makeitem [hook]
            collector: <Module test_utils.py>
            name: __package__
            obj: 
        finish pytest_pycollect_makeitem --> None [hook]
        pytest_pycollect_makeitem [hook]
            collector: <Module test_utils.py>
            name: __loader__
            obj: <_pytest.assertion.rewrite.AssertionRewritingHook object at 0x10b7c6c18>
        finish pytest_pycollect_makeitem --> None [hook]
        pytest_pycollect_makeitem [hook]
            collector: <Module test_utils.py>
            name: __spec__
            obj: ModuleSpec(name='test_utils', loader=<_pytest.assertion.rewrite.AssertionRewritingHook object at 0x10b7c6c18>, origin='/Users/neeran/Code/loadbalancer-series/python-loadbalancer/part4/test_utils.py')
        finish pytest_pycollect_makeitem --> None [hook]
        pytest_pycollect_makeitem [hook]
            collector: <Module test_utils.py>
            name: __file__
            obj: /Users/neeran/Code/loadbalancer-series/python-loadbalancer/part4/test_utils.py
        finish pytest_pycollect_makeitem --> None [hook]
        pytest_pycollect_makeitem [hook]
            collector: <Module test_utils.py>
            name: __cached__
            obj: /Users/neeran/Code/loadbalancer-series/python-loadbalancer/part4/__pycache__/test_utils.cpython-37.pyc
        finish pytest_pycollect_makeitem --> None [hook]
        pytest_pycollect_makeitem [hook]
            collector: <Module test_utils.py>
            name: __builtins__
            obj: {'__name__': 'builtins', '__doc__': "Built-in functions, exceptions, and other objects.\n\nNoteworthy: None is the `nil' object; Ellipsis represents `...' in slices.", '__package__': '', '__loader__': <class '_frozen_importlib.BuiltinImporter'>, '__spec__': ModuleSpec(name='builtins', loader=<class '_frozen_importlib.BuiltinImporter'>), '__build_class__': <built-in function __build_class__>, '__import__': <built-in function __import__>, 'abs': <built-in function abs>, 'all': <built-in function all>, 'any': <built-in function any>, 'ascii': <built-in function ascii>, 'bin': <built-in function bin>, 'breakpoint': <built-in function breakpoint>, 'callable': <built-in function callable>, 'chr': <built-in function chr>, 'compile': <built-in function compile>, 'delattr': <built-in function delattr>, 'dir': <built-in function dir>, 'divmod': <built-in function divmod>, 'eval': <built-in function eval>, 'exec': <built-in function exec>, 'format': <built-in function format>, 'getattr': <built-in function getattr>, 'globals': <built-in function globals>, 'hasattr': <built-in function hasattr>, 'hash': <built-in function hash>, 'hex': <built-in function hex>, 'id': <built-in function id>, 'input': <built-in function input>, 'isinstance': <built-in function isinstance>, 'issubclass': <built-in function issubclass>, 'iter': <built-in function iter>, 'len': <built-in function len>, 'locals': <built-in function locals>, 'max': <built-in function max>, 'min': <built-in function min>, 'next': <built-in function next>, 'oct': <built-in function oct>, 'ord': <built-in function ord>, 'pow': <built-in function pow>, 'print': <built-in function print>, 'repr': <built-in function repr>, 'round': <built-in function round>, 'setattr': <built-in function setattr>, 'sorted': <built-in function sorted>, 'sum': <built-in function sum>, 'vars': <built-in function vars>, 'None': None, 'Ellipsis': Ellipsis, 'NotImplemented': NotImplemented, 'False': False, 'True': True, 'bool': <class 'bool'>, 'memoryview': <class 'memoryview'>, 'bytearray': <class 'bytearray'>, 'bytes': <class 'bytes'>, 'classmethod': <class 'classmethod'>, 'complex': <class 'complex'>, 'dict': <class 'dict'>, 'enumerate': <class 'enumerate'>, 'filter': <class 'filter'>, 'float': <class 'float'>, 'frozenset': <class 'frozenset'>, 'property': <class 'property'>, 'int': <class 'int'>, 'list': <class 'list'>, 'map': <class 'map'>, 'object': <class 'object'>, 'range': <class 'range'>, 'reversed': <class 'reversed'>, 'set': <class 'set'>, 'slice': <class 'slice'>, 'staticmethod': <class 'staticmethod'>, 'str': <class 'str'>, 'super': <class 'super'>, 'tuple': <class 'tuple'>, 'type': <class 'type'>, 'zip': <class 'zip'>, '__debug__': True, 'BaseException': <class 'BaseException'>, 'Exception': <class 'Exception'>, 'TypeError': <class 'TypeError'>, 'StopAsyncIteration': <class 'StopAsyncIteration'>, 'StopIteration': <class 'StopIteration'>, 'GeneratorExit': <class 'GeneratorExit'>, 'SystemExit': <class 'SystemExit'>, 'KeyboardInterrupt': <class 'KeyboardInterrupt'>, 'ImportError': <class 'ImportError'>, 'ModuleNotFoundError': <class 'ModuleNotFoundError'>, 'OSError': <class 'OSError'>, 'EnvironmentError': <class 'OSError'>, 'IOError': <class 'OSError'>, 'EOFError': <class 'EOFError'>, 'RuntimeError': <class 'RuntimeError'>, 'RecursionError': <class 'RecursionError'>, 'NotImplementedError': <class 'NotImplementedError'>, 'NameError': <class 'NameError'>, 'UnboundLocalError': <class 'UnboundLocalError'>, 'AttributeError': <class 'AttributeError'>, 'SyntaxError': <class 'SyntaxError'>, 'IndentationError': <class 'IndentationError'>, 'TabError': <class 'TabError'>, 'LookupError': <class 'LookupError'>, 'IndexError': <class 'IndexError'>, 'KeyError': <class 'KeyError'>, 'ValueError': <class 'ValueError'>, 'UnicodeError': <class 'UnicodeError'>, 'UnicodeEncodeError': <class 'UnicodeEncodeError'>, 'UnicodeDecodeError': <class 'UnicodeDecodeError'>, 'UnicodeTranslateError': <class 'UnicodeTranslateError'>, 'AssertionError': <class 'AssertionError'>, 'ArithmeticError': <class 'ArithmeticError'>, 'FloatingPointError': <class 'FloatingPointError'>, 'OverflowError': <class 'OverflowError'>, 'ZeroDivisionError': <class 'ZeroDivisionError'>, 'SystemError': <class 'SystemError'>, 'ReferenceError': <class 'ReferenceError'>, 'MemoryError': <class 'MemoryError'>, 'BufferError': <class 'BufferError'>, 'Warning': <class 'Warning'>, 'UserWarning': <class 'UserWarning'>, 'DeprecationWarning': <class 'DeprecationWarning'>, 'PendingDeprecationWarning': <class 'PendingDeprecationWarning'>, 'SyntaxWarning': <class 'SyntaxWarning'>, 'RuntimeWarning': <class 'RuntimeWarning'>, 'FutureWarning': <class 'FutureWarning'>, 'ImportWarning': <class 'ImportWarning'>, 'UnicodeWarning': <class 'UnicodeWarning'>, 'BytesWarning': <class 'BytesWarning'>, 'ResourceWarning': <class 'ResourceWarning'>, 'ConnectionError': <class 'ConnectionError'>, 'BlockingIOError': <class 'BlockingIOError'>, 'BrokenPipeError': <class 'BrokenPipeError'>, 'ChildProcessError': <class 'ChildProcessError'>, 'ConnectionAbortedError': <class 'ConnectionAbortedError'>, 'ConnectionRefusedError': <class 'ConnectionRefusedError'>, 'ConnectionResetError': <class 'ConnectionResetError'>, 'FileExistsError': <class 'FileExistsError'>, 'FileNotFoundError': <class 'FileNotFoundError'>, 'IsADirectoryError': <class 'IsADirectoryError'>, 'NotADirectoryError': <class 'NotADirectoryError'>, 'InterruptedError': <class 'InterruptedError'>, 'PermissionError': <class 'PermissionError'>, 'ProcessLookupError': <class 'ProcessLookupError'>, 'TimeoutError': <class 'TimeoutError'>, 'open': <built-in function open>, 'quit': Use quit() or Ctrl-D (i.e. EOF) to exit, 'exit': Use exit() or Ctrl-D (i.e. EOF) to exit, 'copyright': Copyright (c) 2001-2019 Python Software Foundation.
All Rights Reserved.

Copyright (c) 2000 BeOpen.com.
All Rights Reserved.

Copyright (c) 1995-2001 Corporation for National Research Initiatives.
All Rights Reserved.

Copyright (c) 1991-1995 Stichting Mathematisch Centrum, Amsterdam.
All Rights Reserved., 'credits':     Thanks to CWI, CNRI, BeOpen.com, Zope Corporation and a cast of thousands
    for supporting Python development.  See www.python.org for more information., 'license': Type license() to see the full license text, 'help': Type help() for interactive help, or help(object) for help about object.}
        finish pytest_pycollect_makeitem --> None [hook]
        pytest_pycollect_makeitem [hook]
            collector: <Module test_utils.py>
            name: @py_builtins
            obj: <module 'builtins' (built-in)>
        finish pytest_pycollect_makeitem --> None [hook]
        pytest_pycollect_makeitem [hook]
            collector: <Module test_utils.py>
            name: @pytest_ar
            obj: <module '_pytest.assertion.rewrite' from '/usr/local/lib/python3.7/site-packages/_pytest/assertion/rewrite.py'>
        finish pytest_pycollect_makeitem --> None [hook]
        pytest_pycollect_makeitem [hook]
            collector: <Module test_utils.py>
            name: transform_backends_from_config
            obj: <function transform_backends_from_config at 0x10bb6a488>
        finish pytest_pycollect_makeitem --> None [hook]
        pytest_pycollect_makeitem [hook]
            collector: <Module test_utils.py>
            name: Server
            obj: <class 'models.Server'>
        finish pytest_pycollect_makeitem --> None [hook]
        pytest_pycollect_makeitem [hook]
            collector: <Module test_utils.py>
            name: pytest
            obj: <module 'pytest' from '/usr/local/lib/python3.7/site-packages/pytest/__init__.py'>
        finish pytest_pycollect_makeitem --> None [hook]
        pytest_pycollect_makeitem [hook]
            collector: <Module test_utils.py>
            name: yaml
            obj: <module 'yaml' from '/usr/local/lib/python3.7/site-packages/yaml/__init__.py'>
        finish pytest_pycollect_makeitem --> None [hook]
        pytest_pycollect_makeitem [hook]
            collector: <Module test_utils.py>
            name: test_transform_backends_from_config
            obj: <function test_transform_backends_from_config at 0x10bae2bf8>
          pytest_generate_tests [hook]
              metafunc: <_pytest.python.Metafunc object at 0x10bb4a6d8>
          finish pytest_generate_tests --> [] [hook]
        finish pytest_pycollect_makeitem --> [<Function test_transform_backends_from_config>] [hook]
        pytest_pycollect_makeitem [hook]
            collector: <Module test_utils.py>
            name: __repr__
            obj: <slot wrapper '__repr__' of 'module' objects>
        finish pytest_pycollect_makeitem --> None [hook]
        pytest_pycollect_makeitem [hook]
            collector: <Module test_utils.py>
            name: __getattribute__
            obj: <slot wrapper '__getattribute__' of 'module' objects>
        finish pytest_pycollect_makeitem --> None [hook]
        pytest_pycollect_makeitem [hook]
            collector: <Module test_utils.py>
            name: __setattr__
            obj: <slot wrapper '__setattr__' of 'module' objects>
        finish pytest_pycollect_makeitem --> None [hook]
        pytest_pycollect_makeitem [hook]
            collector: <Module test_utils.py>
            name: __delattr__
            obj: <slot wrapper '__delattr__' of 'module' objects>
        finish pytest_pycollect_makeitem --> None [hook]
        pytest_pycollect_makeitem [hook]
            collector: <Module test_utils.py>
            name: __init__
            obj: <slot wrapper '__init__' of 'module' objects>
        finish pytest_pycollect_makeitem --> None [hook]
        pytest_pycollect_makeitem [hook]
            collector: <Module test_utils.py>
            name: __new__
            obj: <built-in method __new__ of type object at 0x10a7d4a40>
        finish pytest_pycollect_makeitem --> None [hook]
        pytest_pycollect_makeitem [hook]
            collector: <Module test_utils.py>
            name: __dir__
            obj: <method '__dir__' of 'module' objects>
        finish pytest_pycollect_makeitem --> None [hook]
        pytest_pycollect_makeitem [hook]
            collector: <Module test_utils.py>
            name: __dict__
            obj: <member '__dict__' of 'module' objects>
        finish pytest_pycollect_makeitem --> None [hook]
        pytest_pycollect_makeitem [hook]
            collector: <Module test_utils.py>
            name: __hash__
            obj: <slot wrapper '__hash__' of 'object' objects>
        finish pytest_pycollect_makeitem --> None [hook]
        pytest_pycollect_makeitem [hook]
            collector: <Module test_utils.py>
            name: __str__
            obj: <slot wrapper '__str__' of 'object' objects>
        finish pytest_pycollect_makeitem --> None [hook]
        pytest_pycollect_makeitem [hook]
            collector: <Module test_utils.py>
            name: __lt__
            obj: <slot wrapper '__lt__' of 'object' objects>
        finish pytest_pycollect_makeitem --> None [hook]
        pytest_pycollect_makeitem [hook]
            collector: <Module test_utils.py>
            name: __le__
            obj: <slot wrapper '__le__' of 'object' objects>
        finish pytest_pycollect_makeitem --> None [hook]
        pytest_pycollect_makeitem [hook]
            collector: <Module test_utils.py>
            name: __eq__
            obj: <slot wrapper '__eq__' of 'object' objects>
        finish pytest_pycollect_makeitem --> None [hook]
        pytest_pycollect_makeitem [hook]
            collector: <Module test_utils.py>
            name: __ne__
            obj: <slot wrapper '__ne__' of 'object' objects>
        finish pytest_pycollect_makeitem --> None [hook]
        pytest_pycollect_makeitem [hook]
            collector: <Module test_utils.py>
            name: __gt__
            obj: <slot wrapper '__gt__' of 'object' objects>
        finish pytest_pycollect_makeitem --> None [hook]
        pytest_pycollect_makeitem [hook]
            collector: <Module test_utils.py>
            name: __ge__
            obj: <slot wrapper '__ge__' of 'object' objects>
        finish pytest_pycollect_makeitem --> None [hook]
        pytest_pycollect_makeitem [hook]
            collector: <Module test_utils.py>
            name: __reduce_ex__
            obj: <method '__reduce_ex__' of 'object' objects>
        finish pytest_pycollect_makeitem --> None [hook]
        pytest_pycollect_makeitem [hook]
            collector: <Module test_utils.py>
            name: __reduce__
            obj: <method '__reduce__' of 'object' objects>
        finish pytest_pycollect_makeitem --> None [hook]
        pytest_pycollect_makeitem [hook]
            collector: <Module test_utils.py>
            name: __subclasshook__
            obj: <method '__subclasshook__' of 'object' objects>
        finish pytest_pycollect_makeitem --> None [hook]
        pytest_pycollect_makeitem [hook]
            collector: <Module test_utils.py>
            name: __init_subclass__
            obj: <method '__init_subclass__' of 'object' objects>
        finish pytest_pycollect_makeitem --> None [hook]
        pytest_pycollect_makeitem [hook]
            collector: <Module test_utils.py>
            name: __format__
            obj: <method '__format__' of 'object' objects>
        finish pytest_pycollect_makeitem --> None [hook]
        pytest_pycollect_makeitem [hook]
            collector: <Module test_utils.py>
            name: __sizeof__
            obj: <method '__sizeof__' of 'object' objects>
        finish pytest_pycollect_makeitem --> None [hook]
        pytest_pycollect_makeitem [hook]
            collector: <Module test_utils.py>
            name: __class__
            obj: <attribute '__class__' of 'object' objects>
        finish pytest_pycollect_makeitem --> None [hook]
      finish pytest_make_collect_report --> <CollectReport 'test_utils.py' lenresult=1 outcome='passed'> [hook]
    genitems <Function test_transform_backends_from_config> [collection]
      pytest_itemcollected [hook]
          item: <Function test_transform_backends_from_config>
      finish pytest_itemcollected --> [] [hook]
      pytest_collectreport [hook]
          report: <CollectReport 'test_utils.py' lenresult=1 outcome='passed'>
      finish pytest_collectreport --> [] [hook]
      pytest_collection_modifyitems [hook]
          session: <Session part4 exitstatus=<ExitCode.OK: 0> testsfailed=0 testscollected=0>
          config: <_pytest.config.Config object at 0x10b656588>
          items: [<Function test_transform_backends_from_config>]
      finish pytest_collection_modifyitems --> [] [hook]
      pytest_collection_finish [hook]
          session: <Session part4 exitstatus=<ExitCode.OK: 0> testsfailed=0 testscollected=0>
        pytest_report_collectionfinish [hook]
            config: <_pytest.config.Config object at 0x10b656588>
            startdir: /Users/neeran/Code/loadbalancer-series/python-loadbalancer/part4
            items: [<Function test_transform_backends_from_config>]
        finish pytest_report_collectionfinish --> [] [hook]
      finish pytest_collection_finish --> [] [hook]
    finish pytest_collection --> [<Function test_transform_backends_from_config>] [hook]
    pytest_runtestloop [hook]
        session: <Session part4 exitstatus=<ExitCode.OK: 0> testsfailed=0 testscollected=1>
      pytest_runtest_protocol [hook]
          item: <Function test_transform_backends_from_config>
          nextitem: None
        pytest_runtest_logstart [hook]
            nodeid: test_utils.py::test_transform_backends_from_config
            location: ('test_utils.py', 6, 'test_transform_backends_from_config')
        finish pytest_runtest_logstart --> [] [hook]
        pytest_runtest_setup [hook]
            item: <Function test_transform_backends_from_config>
        finish pytest_runtest_setup --> [] [hook]
        pytest_runtest_makereport [hook]
            item: <Function test_transform_backends_from_config>
            call: <CallInfo when='setup' result: []>
        finish pytest_runtest_makereport --> <TestReport 'test_utils.py::test_transform_backends_from_config' when='setup' outcome='passed'> [hook]
        pytest_runtest_logreport [hook]
            report: <TestReport 'test_utils.py::test_transform_backends_from_config' when='setup' outcome='passed'>
          pytest_report_teststatus [hook]
              report: <TestReport 'test_utils.py::test_transform_backends_from_config' when='setup' outcome='passed'>
              config: <_pytest.config.Config object at 0x10b656588>
          finish pytest_report_teststatus --> ('', '', '') [hook]
        finish pytest_runtest_logreport --> [] [hook]
        pytest_runtest_call [hook]
            item: <Function test_transform_backends_from_config>
          pytest_pyfunc_call [hook]
              pyfuncitem: <Function test_transform_backends_from_config>
          finish pytest_pyfunc_call --> True [hook]
        finish pytest_runtest_call --> [] [hook]
        pytest_runtest_makereport [hook]
            item: <Function test_transform_backends_from_config>
            call: <CallInfo when='call' result: []>
        finish pytest_runtest_makereport --> <TestReport 'test_utils.py::test_transform_backends_from_config' when='call' outcome='passed'> [hook]
        pytest_runtest_logreport [hook]
            report: <TestReport 'test_utils.py::test_transform_backends_from_config' when='call' outcome='passed'>
          pytest_report_teststatus [hook]
              report: <TestReport 'test_utils.py::test_transform_backends_from_config' when='call' outcome='passed'>
              config: <_pytest.config.Config object at 0x10b656588>
          finish pytest_report_teststatus --> ('passed', '.', 'PASSED') [hook]
        finish pytest_runtest_logreport --> [] [hook]
        pytest_runtest_teardown [hook]
            item: <Function test_transform_backends_from_config>
            nextitem: None
        finish pytest_runtest_teardown --> [] [hook]
        pytest_runtest_makereport [hook]
            item: <Function test_transform_backends_from_config>
            call: <CallInfo when='teardown' result: []>
        finish pytest_runtest_makereport --> <TestReport 'test_utils.py::test_transform_backends_from_config' when='teardown' outcome='passed'> [hook]
        pytest_runtest_logreport [hook]
            report: <TestReport 'test_utils.py::test_transform_backends_from_config' when='teardown' outcome='passed'>
          pytest_report_teststatus [hook]
              report: <TestReport 'test_utils.py::test_transform_backends_from_config' when='teardown' outcome='passed'>
              config: <_pytest.config.Config object at 0x10b656588>
          finish pytest_report_teststatus --> ('', '', '') [hook]
        finish pytest_runtest_logreport --> [] [hook]
        pytest_runtest_logfinish [hook]
            nodeid: test_utils.py::test_transform_backends_from_config
            location: ('test_utils.py', 6, 'test_transform_backends_from_config')
        finish pytest_runtest_logfinish --> [] [hook]
      finish pytest_runtest_protocol --> True [hook]
    finish pytest_runtestloop --> True [hook]
    pytest_sessionfinish [hook]
        session: <Session part4 exitstatus=0 testsfailed=0 testscollected=1>
        exitstatus: 0
      pytest_terminal_summary [hook]
          terminalreporter: <_pytest.terminal.TerminalReporter object at 0x10b7d1d68>
          exitstatus: 0
          config: <_pytest.config.Config object at 0x10b656588>
      finish pytest_terminal_summary --> [] [hook]
    finish pytest_sessionfinish --> [] [hook]
    pytest_unconfigure [hook]
        config: <_pytest.config.Config object at 0x10b656588>
    finish pytest_unconfigure --> [] [hook]
